1660122649534	geckodriver	INFO	Listening on 127.0.0.1:49576
1660122650557	mozrunner::runner	INFO	Running command: "/Applications/Firefox.app/Contents/MacOS/firefox-bin" "--marionette" "-foreground" "-no-remote" "-profile" "/var/folders/0j/nvlf1x1s2s7796x5c3x4l6lc26qfdr/T/rust_mozprofileLY8REQ"
1660122664311	Marionette	INFO	Marionette enabled
1660122664422	Marionette	INFO	Listening on port 49591
2022-08-10 12:11:04.435 plugin-container[44147:5542585] nil host used in call to allowsSpecificHTTPSCertificateForHost
2022-08-10 12:11:04.436 plugin-container[44147:5542585] nil host used in call to allowsAnyHTTPSCertificateForHost:
Read port: 49591
2022-08-10 12:11:04.572 plugin-container[44147:5542585] nil host used in call to allowsSpecificHTTPSCertificateForHost
2022-08-10 12:11:04.572 plugin-container[44147:5542585] nil host used in call to allowsAnyHTTPSCertificateForHost:
2022-08-10 12:11:04.572 plugin-container[44147:5542622] nil host used in call to allowsSpecificHTTPSCertificateForHost
2022-08-10 12:11:04.572 plugin-container[44147:5542622] nil host used in call to allowsAnyHTTPSCertificateForHost:
1660122664709	RemoteAgent	WARN	TLS certificate errors will be ignored for this session
console.warn: SearchSettings: "get: No settings file exists, new profile?" (new NotFoundError("Could not open the file at /var/folders/0j/nvlf1x1s2s7796x5c3x4l6lc26qfdr/T/rust_mozprofileLY8REQ/search.json.mozlz4", (void 0)))
JavaScript warning: https://stepik.azureedge.net/static/frontend-build/vendor.js?v=1659621443, line 6289: unreachable code after return statement
JavaScript error: https://stepik.azureedge.net/static/frontend-build/vendor.js?v=1659621443, line 6105: Error: Expected: '<assignment:568645>' to be present in the adapter provided payload, but it was not found.
1660122681255	Marionette	INFO	Stopped listening on port 49591
1660123260506	geckodriver	INFO	Listening on 127.0.0.1:49994
1660123261499	mozrunner::runner	INFO	Running command: "/Applications/Firefox.app/Contents/MacOS/firefox-bin" "--marionette" "-foreground" "-no-remote" "-profile" "/var/folders/0j/nvlf1x1s2s7796x5c3x4l6lc26qfdr/T/rust_mozprofile6I3akN"
2022-08-10 12:21:02.417 plugin-container[44334:5547113] nil host used in call to allowsSpecificHTTPSCertificateForHost
2022-08-10 12:21:02.417 plugin-container[44334:5547113] nil host used in call to allowsAnyHTTPSCertificateForHost:
1660123262454	Marionette	INFO	Marionette enabled
2022-08-10 12:21:02.530 plugin-container[44334:5547113] nil host used in call to allowsSpecificHTTPSCertificateForHost
2022-08-10 12:21:02.530 plugin-container[44334:5547113] nil host used in call to allowsAnyHTTPSCertificateForHost:
2022-08-10 12:21:02.530 plugin-container[44334:5547146] nil host used in call to allowsSpecificHTTPSCertificateForHost
2022-08-10 12:21:02.530 plugin-container[44334:5547146] nil host used in call to allowsAnyHTTPSCertificateForHost:
1660123262630	Marionette	INFO	Listening on port 50004
Read port: 50004
1660123262780	RemoteAgent	WARN	TLS certificate errors will be ignored for this session
console.warn: SearchSettings: "get: No settings file exists, new profile?" (new NotFoundError("Could not open the file at /var/folders/0j/nvlf1x1s2s7796x5c3x4l6lc26qfdr/T/rust_mozprofile6I3akN/search.json.mozlz4", (void 0)))
JavaScript error: http://selenium1py.pythonanywhere.com/en-gb/, line 758: ReferenceError: oscar is not defined
1660123266489	Marionette	INFO	Stopped listening on port 50004
1660123327835	geckodriver	INFO	Listening on 127.0.0.1:50062
1660123328847	mozrunner::runner	INFO	Running command: "/Applications/Firefox.app/Contents/MacOS/firefox-bin" "--marionette" "-foreground" "-no-remote" "-profile" "/var/folders/0j/nvlf1x1s2s7796x5c3x4l6lc26qfdr/T/rust_mozprofileBShCjL"
2022-08-10 12:22:09.504 plugin-container[44378:5547950] nil host used in call to allowsSpecificHTTPSCertificateForHost
2022-08-10 12:22:09.504 plugin-container[44378:5547950] nil host used in call to allowsAnyHTTPSCertificateForHost:
2022-08-10 12:22:09.529 plugin-container[44378:5547950] nil host used in call to allowsSpecificHTTPSCertificateForHost
2022-08-10 12:22:09.529 plugin-container[44378:5547950] nil host used in call to allowsAnyHTTPSCertificateForHost:
2022-08-10 12:22:09.529 plugin-container[44378:5547958] nil host used in call to allowsSpecificHTTPSCertificateForHost
2022-08-10 12:22:09.529 plugin-container[44378:5547958] nil host used in call to allowsAnyHTTPSCertificateForHost:
1660123329546	Marionette	INFO	Marionette enabled
1660123329689	Marionette	INFO	Listening on port 50070
Read port: 50070
1660123329882	RemoteAgent	WARN	TLS certificate errors will be ignored for this session
console.warn: SearchSettings: "get: No settings file exists, new profile?" (new NotFoundError("Could not open the file at /var/folders/0j/nvlf1x1s2s7796x5c3x4l6lc26qfdr/T/rust_mozprofileBShCjL/search.json.mozlz4", (void 0)))
JavaScript error: http://selenium1py.pythonanywhere.com/en-gb/, line 758: ReferenceError: oscar is not defined
1660123333773	Marionette	INFO	Stopped listening on port 50070
1660133579667	geckodriver	INFO	Listening on 127.0.0.1:56266
1660133580119	mozrunner::runner	INFO	Running command: "/Applications/Firefox.app/Contents/MacOS/firefox-bin" "--marionette" "-foreground" "-no-remote" "-profile" "/var/folders/0j/nvlf1x1s2s7796x5c3x4l6lc26qfdr/T/rust_mozprofileTra7lD"
1660133582045	Marionette	INFO	Marionette enabled
2022-08-10 15:13:02.218 plugin-container[47099:5618997] nil host used in call to allowsSpecificHTTPSCertificateForHost
2022-08-10 15:13:02.219 plugin-container[47099:5618997] nil host used in call to allowsAnyHTTPSCertificateForHost:
1660133582362	Marionette	INFO	Listening on port 56274
Read port: 56274
1660133582561	RemoteAgent	WARN	TLS certificate errors will be ignored for this session
2022-08-10 15:13:02.672 plugin-container[47099:5618997] nil host used in call to allowsSpecificHTTPSCertificateForHost
2022-08-10 15:13:02.672 plugin-container[47099:5618997] nil host used in call to allowsAnyHTTPSCertificateForHost:
2022-08-10 15:13:02.672 plugin-container[47099:5619019] nil host used in call to allowsSpecificHTTPSCertificateForHost
2022-08-10 15:13:02.672 plugin-container[47099:5619019] nil host used in call to allowsAnyHTTPSCertificateForHost:
console.warn: SearchSettings: "get: No settings file exists, new profile?" (new NotFoundError("Could not open the file at /var/folders/0j/nvlf1x1s2s7796x5c3x4l6lc26qfdr/T/rust_mozprofileTra7lD/search.json.mozlz4", (void 0)))
JavaScript error: http://selenium1py.pythonanywhere.com/en-gb/, line 758: ReferenceError: oscar is not defined
1660133587399	Marionette	INFO	Stopped listening on port 56274
1660133587858	geckodriver	INFO	Listening on 127.0.0.1:56302
1660133588872	mozrunner::runner	INFO	Running command: "/Applications/Firefox.app/Contents/MacOS/firefox-bin" "--marionette" "-foreground" "-no-remote" "-profile" "/var/folders/0j/nvlf1x1s2s7796x5c3x4l6lc26qfdr/T/rust_mozprofilex1bd3s"
2022-08-10 15:13:09.301 plugin-container[47111:5619457] nil host used in call to allowsSpecificHTTPSCertificateForHost
2022-08-10 15:13:09.302 plugin-container[47111:5619457] nil host used in call to allowsAnyHTTPSCertificateForHost:
2022-08-10 15:13:09.304 plugin-container[47111:5619457] nil host used in call to allowsSpecificHTTPSCertificateForHost
2022-08-10 15:13:09.304 plugin-container[47111:5619457] nil host used in call to allowsAnyHTTPSCertificateForHost:
2022-08-10 15:13:09.304 plugin-container[47111:5619465] nil host used in call to allowsSpecificHTTPSCertificateForHost
2022-08-10 15:13:09.304 plugin-container[47111:5619465] nil host used in call to allowsAnyHTTPSCertificateForHost:
1660133589319	Marionette	INFO	Marionette enabled
1660133589465	Marionette	INFO	Listening on port 56309
Read port: 56309
1660133589582	RemoteAgent	WARN	TLS certificate errors will be ignored for this session
console.warn: SearchSettings: "get: No settings file exists, new profile?" (new NotFoundError("Could not open the file at /var/folders/0j/nvlf1x1s2s7796x5c3x4l6lc26qfdr/T/rust_mozprofilex1bd3s/search.json.mozlz4", (void 0)))
JavaScript error: http://selenium1py.pythonanywhere.com/en-gb/, line 758: ReferenceError: oscar is not defined
1660133592967	Marionette	INFO	Stopped listening on port 56309
1660133593281	geckodriver	INFO	Listening on 127.0.0.1:56333
1660133594287	mozrunner::runner	INFO	Running command: "/Applications/Firefox.app/Contents/MacOS/firefox-bin" "--marionette" "-foreground" "-no-remote" "-profile" "/var/folders/0j/nvlf1x1s2s7796x5c3x4l6lc26qfdr/T/rust_mozprofileo1m0GZ"
2022-08-10 15:13:14.624 plugin-container[47121:5619803] nil host used in call to allowsSpecificHTTPSCertificateForHost
2022-08-10 15:13:14.625 plugin-container[47121:5619803] nil host used in call to allowsAnyHTTPSCertificateForHost:
2022-08-10 15:13:14.628 plugin-container[47121:5619803] nil host used in call to allowsSpecificHTTPSCertificateForHost
2022-08-10 15:13:14.628 plugin-container[47121:5619803] nil host used in call to allowsAnyHTTPSCertificateForHost:
2022-08-10 15:13:14.628 plugin-container[47121:5619808] nil host used in call to allowsSpecificHTTPSCertificateForHost
2022-08-10 15:13:14.628 plugin-container[47121:5619808] nil host used in call to allowsAnyHTTPSCertificateForHost:
1660133594651	Marionette	INFO	Marionette enabled
1660133594692	Marionette	INFO	Listening on port 56340
Read port: 56340
1660133594942	RemoteAgent	WARN	TLS certificate errors will be ignored for this session
console.warn: SearchSettings: "get: No settings file exists, new profile?" (new NotFoundError("Could not open the file at /var/folders/0j/nvlf1x1s2s7796x5c3x4l6lc26qfdr/T/rust_mozprofileo1m0GZ/search.json.mozlz4", (void 0)))
JavaScript error: http://selenium1py.pythonanywhere.com/en-gb/, line 758: ReferenceError: oscar is not defined
1660133598486	Marionette	INFO	Stopped listening on port 56340
1660133618292	geckodriver	INFO	Listening on 127.0.0.1:56374
1660133619309	mozrunner::runner	INFO	Running command: "/Applications/Firefox.app/Contents/MacOS/firefox-bin" "--marionette" "-foreground" "-no-remote" "-profile" "/var/folders/0j/nvlf1x1s2s7796x5c3x4l6lc26qfdr/T/rust_mozprofileYfUntP"
2022-08-10 15:13:39.960 plugin-container[47156:5620364] nil host used in call to allowsSpecificHTTPSCertificateForHost
2022-08-10 15:13:39.961 plugin-container[47156:5620364] nil host used in call to allowsAnyHTTPSCertificateForHost:
2022-08-10 15:13:39.963 plugin-container[47156:5620364] nil host used in call to allowsSpecificHTTPSCertificateForHost
2022-08-10 15:13:39.963 plugin-container[47156:5620364] nil host used in call to allowsAnyHTTPSCertificateForHost:
2022-08-10 15:13:39.963 plugin-container[47156:5620368] nil host used in call to allowsSpecificHTTPSCertificateForHost
2022-08-10 15:13:39.963 plugin-container[47156:5620368] nil host used in call to allowsAnyHTTPSCertificateForHost:
1660133620011	Marionette	INFO	Marionette enabled
1660133620076	Marionette	INFO	Listening on port 56381
Read port: 56381
1660133620251	RemoteAgent	WARN	TLS certificate errors will be ignored for this session
console.warn: SearchSettings: "get: No settings file exists, new profile?" (new NotFoundError("Could not open the file at /var/folders/0j/nvlf1x1s2s7796x5c3x4l6lc26qfdr/T/rust_mozprofileYfUntP/search.json.mozlz4", (void 0)))
JavaScript error: http://selenium1py.pythonanywhere.com/en-gb/, line 758: ReferenceError: oscar is not defined
1660133623926	Marionette	INFO	Stopped listening on port 56381
1660133624233	geckodriver	INFO	Listening on 127.0.0.1:56405
1660133625245	mozrunner::runner	INFO	Running command: "/Applications/Firefox.app/Contents/MacOS/firefox-bin" "--marionette" "-foreground" "-no-remote" "-profile" "/var/folders/0j/nvlf1x1s2s7796x5c3x4l6lc26qfdr/T/rust_mozprofileReRRI1"
2022-08-10 15:13:45.577 plugin-container[47169:5620769] nil host used in call to allowsSpecificHTTPSCertificateForHost
2022-08-10 15:13:45.577 plugin-container[47169:5620769] nil host used in call to allowsAnyHTTPSCertificateForHost:
2022-08-10 15:13:45.579 plugin-container[47169:5620769] nil host used in call to allowsSpecificHTTPSCertificateForHost
2022-08-10 15:13:45.579 plugin-container[47169:5620769] nil host used in call to allowsAnyHTTPSCertificateForHost:
2022-08-10 15:13:45.579 plugin-container[47169:5620775] nil host used in call to allowsSpecificHTTPSCertificateForHost
2022-08-10 15:13:45.580 plugin-container[47169:5620775] nil host used in call to allowsAnyHTTPSCertificateForHost:
1660133625601	Marionette	INFO	Marionette enabled
1660133625635	Marionette	INFO	Listening on port 56412
Read port: 56412
1660133625875	RemoteAgent	WARN	TLS certificate errors will be ignored for this session
console.warn: SearchSettings: "get: No settings file exists, new profile?" (new NotFoundError("Could not open the file at /var/folders/0j/nvlf1x1s2s7796x5c3x4l6lc26qfdr/T/rust_mozprofileReRRI1/search.json.mozlz4", (void 0)))
JavaScript error: http://selenium1py.pythonanywhere.com/en-gb/, line 758: ReferenceError: oscar is not defined
1660133629177	Marionette	INFO	Stopped listening on port 56412
1660133629604	geckodriver	INFO	Listening on 127.0.0.1:56435
1660133630618	mozrunner::runner	INFO	Running command: "/Applications/Firefox.app/Contents/MacOS/firefox-bin" "--marionette" "-foreground" "-no-remote" "-profile" "/var/folders/0j/nvlf1x1s2s7796x5c3x4l6lc26qfdr/T/rust_mozprofileeZZBaN"
2022-08-10 15:13:50.968 plugin-container[47180:5621139] nil host used in call to allowsSpecificHTTPSCertificateForHost
2022-08-10 15:13:50.968 plugin-container[47180:5621139] nil host used in call to allowsAnyHTTPSCertificateForHost:
2022-08-10 15:13:50.970 plugin-container[47180:5621139] nil host used in call to allowsSpecificHTTPSCertificateForHost
2022-08-10 15:13:50.970 plugin-container[47180:5621139] nil host used in call to allowsAnyHTTPSCertificateForHost:
2022-08-10 15:13:50.970 plugin-container[47180:5621146] nil host used in call to allowsSpecificHTTPSCertificateForHost
2022-08-10 15:13:50.970 plugin-container[47180:5621146] nil host used in call to allowsAnyHTTPSCertificateForHost:
1660133630986	Marionette	INFO	Marionette enabled
1660133631024	Marionette	INFO	Listening on port 56442
Read port: 56442
1660133631260	RemoteAgent	WARN	TLS certificate errors will be ignored for this session
console.warn: SearchSettings: "get: No settings file exists, new profile?" (new NotFoundError("Could not open the file at /var/folders/0j/nvlf1x1s2s7796x5c3x4l6lc26qfdr/T/rust_mozprofileeZZBaN/search.json.mozlz4", (void 0)))
JavaScript error: http://selenium1py.pythonanywhere.com/en-gb/, line 758: ReferenceError: oscar is not defined
1660133634815	Marionette	INFO	Stopped listening on port 56442
